<?xml version="1.0" encoding="UTF-8"?>
<testsuite name="ie.sdn.controller.UserControllerTest" time="0.003" tests="6" errors="0" skipped="0" failures="0">
  <properties>
[...]
</properties>
  <testcase name="loginUser" classname="ie.sdn.controller.UserControllerTest" time="0.003"/>
  <testcase name="logoutUser" classname="ie.sdn.controller.UserControllerTest" time="0"/>
  <testcase name="getUser" classname="ie.sdn.controller.UserControllerTest" time="0"/>
  <testcase name="createUser" classname="ie.sdn.controller.UserControllerTest" time="0"/>
  <testcase name="updateUserToken" classname="ie.sdn.controller.UserControllerTest" time="0"/>
  <testcase name="deleteUser" classname="ie.sdn.controller.UserControllerTest" time="0"/>
</testsuite>